------------------------ Build download and upgrade script execution started ---------------------------------
Build Script started at 12/07/2018 22:00:45

***************Query latest build available on Buildweb and get url to download*************

Found Build Download Url : http://buildweb.eng.vmware.com/ob/api/11170580/deliverable/?file=publish/euc-unified-access-gateway-3.5.0.0-11170580_OVF10.ova
Found md5 from buildWeb  : 215DD9A7A118F2B017173F7E4AC3D64B
ovaFilename              : euc-unified-access-gateway-3.5.0.0-11170580_OVF10.ova
Non FIPS build found!

*******Check whether latest build available on buildWeb is already consumed*****
**************New build is available, download starts*************
 
Download UAG ova from Build Web using download url Start 
Saving ova file to path      : H:\UAG-CD\Installers\euc-unified-access-gateway-3.5.0.0-11170580_OVF10.ova
Trying to download the ova   : http://buildweb.eng.vmware.com/ob/api/11170580/deliverable/?file=publish/euc-unified-access-gateway-3.5.0.0-11170580_OVF10.ova 

Time taken to download build : 2.40535731166667 minutes
 
******Check if the downloded file exits******
Pass - Downloaded file EXISTS             : H:\UAG-CD\Installers\euc-unified-access-gateway-3.5.0.0-11170580_OVF10.ova
Copied file to H:\UAG-CD\Installers\LastInstallerDeployed-ova to check latest build consumption in next run

*****Rename downloded build to static name 'euc-unified-access-gateway.ova' just to make deployment logic simple!****
Renamed
*****Validate build downloded completely by Checking if the md5 of the ova file is correct***********
md5 from buildWeb           : 215DD9A7A118F2B017173F7E4AC3D64B
md5 from file               : 215DD9A7A118F2B017173F7E4AC3D64B

Varified: Successfull download of latest UAG Beta Build
Build download Script completed at 12/07/2018 22:03:21

Build deployment Script started at 12/07/2018 22:03:21

UAG Auto Deployment on ESXI script called
 
Deployment of UAG on ESXI Complted
 
Build deployment Script completed at 12/08/2018 11:17:24

Time taken to deploy build on all nodes: 794.043470871667 minutes
